2017-05-29 10:05:08,140 [Worker-18] INFO  c.g.t.t.d.PublishedGradleVersions - Gradle version information cache file is out-of-date. Remote download required.
2017-05-30 09:16:25,591 [Worker-10] INFO  c.g.t.t.d.PublishedGradleVersions - Gradle version information cache file is not out-of-date. No remote download required.
2017-05-30 12:11:12,327 [Worker-17] INFO  c.g.t.t.d.PublishedGradleVersions - Gradle version information cache file is not out-of-date. No remote download required.
2017-05-30 14:20:25,824 [Worker-14] INFO  c.g.t.t.d.PublishedGradleVersions - Gradle version information cache file is not out-of-date. No remote download required.
2017-05-30 15:40:02,912 [Worker-9] INFO  c.g.t.t.d.PublishedGradleVersions - Gradle version information cache file is not out-of-date. No remote download required.
2017-05-30 17:13:15,195 [Worker-0] INFO  c.g.t.t.d.PublishedGradleVersions - Gradle version information cache file is not out-of-date. No remote download required.
2017-05-30 18:08:00,024 [Worker-12] INFO  c.g.t.t.d.PublishedGradleVersions - Gradle version information cache file is not out-of-date. No remote download required.
2017-06-05 20:15:47,370 [Worker-34] INFO  c.g.t.t.d.PublishedGradleVersions - Gradle version information cache file is out-of-date. Remote download required.
2017-06-05 20:46:00,744 [Worker-21] INFO  c.g.t.t.d.PublishedGradleVersions - Gradle version information cache file is not out-of-date. No remote download required.
2017-06-10 21:11:04,846 [Worker-2] INFO  c.g.t.t.d.PublishedGradleVersions - Gradle version information cache file is out-of-date. Remote download required.
2017-06-10 22:23:15,914 [Worker-16] INFO  c.g.t.t.d.PublishedGradleVersions - Gradle version information cache file is not out-of-date. No remote download required.
2017-06-11 10:02:36,029 [Worker-13] INFO  c.g.t.t.d.PublishedGradleVersions - Gradle version information cache file is not out-of-date. No remote download required.
2017-06-15 14:04:48,217 [main] INFO  c.g.t.t.d.PublishedGradleVersions - Gradle version information cache file is out-of-date. Remote download required.
2017-06-18 21:16:21,250 [main] INFO  c.g.t.t.d.PublishedGradleVersions - Gradle version information cache file is not out-of-date. No remote download required.
2017-06-19 20:49:50,482 [Worker-11] INFO  c.g.t.t.d.PublishedGradleVersions - Gradle version information cache file is out-of-date. Remote download required.
2017-06-20 09:34:41,875 [Worker-8] INFO  c.g.t.t.d.PublishedGradleVersions - Gradle version information cache file is not out-of-date. No remote download required.
2017-06-20 13:30:00,810 [Worker-7] INFO  c.g.t.t.d.PublishedGradleVersions - Gradle version information cache file is not out-of-date. No remote download required.
2017-06-20 20:29:11,546 [main] INFO  c.g.t.t.d.PublishedGradleVersions - Gradle version information cache file is out-of-date. Remote download required.
2017-06-20 20:29:11,555 [main] ERROR c.g.t.t.d.PublishedGradleVersions - Cannot download published Gradle versions.
java.net.UnknownHostException: services.gradle.org
	at java.net.AbstractPlainSocketImpl.connect(Unknown Source) ~[na:1.8.0_121]
	at java.net.PlainSocketImpl.connect(Unknown Source) ~[na:1.8.0_121]
	at java.net.SocksSocketImpl.connect(Unknown Source) ~[na:1.8.0_121]
	at java.net.Socket.connect(Unknown Source) ~[na:1.8.0_121]
	at sun.security.ssl.SSLSocketImpl.connect(Unknown Source) ~[na:1.8.0_121]
	at sun.security.ssl.BaseSSLSocketImpl.connect(Unknown Source) ~[na:1.8.0_121]
	at sun.net.NetworkClient.doConnect(Unknown Source) ~[na:1.8.0_121]
	at sun.net.www.http.HttpClient.openServer(Unknown Source) ~[na:1.8.0_121]
	at sun.net.www.http.HttpClient.openServer(Unknown Source) ~[na:1.8.0_121]
	at sun.net.www.protocol.https.HttpsClient.<init>(Unknown Source) ~[na:1.8.0_121]
	at sun.net.www.protocol.https.HttpsClient.New(Unknown Source) ~[na:1.8.0_121]
	at sun.net.www.protocol.https.AbstractDelegateHttpsURLConnection.getNewHttpClient(Unknown Source) ~[na:1.8.0_121]
	at sun.net.www.protocol.http.HttpURLConnection.plainConnect0(Unknown Source) ~[na:1.8.0_121]
	at sun.net.www.protocol.http.HttpURLConnection.plainConnect(Unknown Source) ~[na:1.8.0_121]
	at sun.net.www.protocol.https.AbstractDelegateHttpsURLConnection.connect(Unknown Source) ~[na:1.8.0_121]
	at sun.net.www.protocol.http.HttpURLConnection.getInputStream0(Unknown Source) ~[na:1.8.0_121]
	at sun.net.www.protocol.http.HttpURLConnection.getInputStream(Unknown Source) ~[na:1.8.0_121]
	at sun.net.www.protocol.https.HttpsURLConnectionImpl.getInputStream(Unknown Source) ~[na:1.8.0_121]
	at com.gradleware.tooling.toolingutils.distribution.PublishedGradleVersions.downloadVersionInformation(PublishedGradleVersions.java:167) [com.gradleware.tooling.utils_0.8.1.v201512100932.jar:na]
	at com.gradleware.tooling.toolingutils.distribution.PublishedGradleVersions.create(PublishedGradleVersions.java:134) [com.gradleware.tooling.utils_0.8.1.v201512100932.jar:na]
	at org.eclipse.buildship.core.util.gradle.PublishedGradleVersionsWrapper.create(PublishedGradleVersionsWrapper.java:40) [org.eclipse.buildship.core_1.0.8.v20160201-1803.jar:na]
	at org.eclipse.buildship.core.util.gradle.PublishedGradleVersionsWrapper.<init>(PublishedGradleVersionsWrapper.java:35) [org.eclipse.buildship.core_1.0.8.v20160201-1803.jar:na]
	at org.eclipse.buildship.core.CorePlugin.createPublishedGradleVersions(CorePlugin.java:167) [org.eclipse.buildship.core_1.0.8.v20160201-1803.jar:na]
	at org.eclipse.buildship.core.CorePlugin.registerServices(CorePlugin.java:140) [org.eclipse.buildship.core_1.0.8.v20160201-1803.jar:na]
	at org.eclipse.buildship.core.CorePlugin.start(CorePlugin.java:103) [org.eclipse.buildship.core_1.0.8.v20160201-1803.jar:na]
	at org.eclipse.osgi.internal.framework.BundleContextImpl$3.run(BundleContextImpl.java:771) [org.eclipse.osgi_3.10.102.v20160118-1700.jar:na]
	at org.eclipse.osgi.internal.framework.BundleContextImpl$3.run(BundleContextImpl.java:1) [org.eclipse.osgi_3.10.102.v20160118-1700.jar:na]
	at java.security.AccessController.doPrivileged(Native Method) [na:1.8.0_121]
	at org.eclipse.osgi.internal.framework.BundleContextImpl.startActivator(BundleContextImpl.java:764) [org.eclipse.osgi_3.10.102.v20160118-1700.jar:na]
	at org.eclipse.osgi.internal.framework.BundleContextImpl.start(BundleContextImpl.java:721) [org.eclipse.osgi_3.10.102.v20160118-1700.jar:na]
	at org.eclipse.osgi.internal.framework.EquinoxBundle.startWorker0(EquinoxBundle.java:941) [org.eclipse.osgi_3.10.102.v20160118-1700.jar:na]
	at org.eclipse.osgi.internal.framework.EquinoxBundle$EquinoxModule.startWorker(EquinoxBundle.java:318) [org.eclipse.osgi_3.10.102.v20160118-1700.jar:na]
	at org.eclipse.osgi.container.Module.doStart(Module.java:571) [org.eclipse.osgi_3.10.102.v20160118-1700.jar:na]
	at org.eclipse.osgi.container.Module.start(Module.java:439) [org.eclipse.osgi_3.10.102.v20160118-1700.jar:na]
	at org.eclipse.osgi.framework.util.SecureAction.start(SecureAction.java:454) [org.eclipse.osgi_3.10.102.v20160118-1700.jar:na]
	at org.eclipse.osgi.internal.hooks.EclipseLazyStarter.postFindLocalClass(EclipseLazyStarter.java:107) [org.eclipse.osgi_3.10.102.v20160118-1700.jar:na]
	at org.eclipse.osgi.internal.loader.classpath.ClasspathManager.findLocalClass(ClasspathManager.java:531) [org.eclipse.osgi_3.10.102.v20160118-1700.jar:na]
	at org.eclipse.osgi.internal.loader.ModuleClassLoader.findLocalClass(ModuleClassLoader.java:324) [org.eclipse.osgi_3.10.102.v20160118-1700.jar:na]
	at org.eclipse.osgi.internal.loader.BundleLoader.findLocalClass(BundleLoader.java:327) [org.eclipse.osgi_3.10.102.v20160118-1700.jar:na]
	at org.eclipse.osgi.internal.loader.sources.SingleSourcePackage.loadClass(SingleSourcePackage.java:36) [org.eclipse.osgi_3.10.102.v20160118-1700.jar:na]
	at org.eclipse.osgi.internal.loader.BundleLoader.findClassInternal(BundleLoader.java:398) [org.eclipse.osgi_3.10.102.v20160118-1700.jar:na]
	at org.eclipse.osgi.internal.loader.BundleLoader.findClass(BundleLoader.java:352) [org.eclipse.osgi_3.10.102.v20160118-1700.jar:na]
	at org.eclipse.osgi.internal.loader.BundleLoader.findClass(BundleLoader.java:344) [org.eclipse.osgi_3.10.102.v20160118-1700.jar:na]
	at org.eclipse.osgi.internal.loader.ModuleClassLoader.loadClass(ModuleClassLoader.java:160) [org.eclipse.osgi_3.10.102.v20160118-1700.jar:na]
	at java.lang.ClassLoader.loadClass(Unknown Source) [na:1.8.0_121]
	at java.lang.Class.getDeclaredConstructors0(Native Method) [na:1.8.0_121]
	at java.lang.Class.privateGetDeclaredConstructors(Unknown Source) [na:1.8.0_121]
	at java.lang.Class.getConstructor0(Unknown Source) [na:1.8.0_121]
	at java.lang.Class.newInstance(Unknown Source) [na:1.8.0_121]
	at org.eclipse.osgi.internal.framework.BundleContextImpl.loadBundleActivator(BundleContextImpl.java:755) [org.eclipse.osgi_3.10.102.v20160118-1700.jar:na]
	at org.eclipse.osgi.internal.framework.BundleContextImpl.start(BundleContextImpl.java:706) [org.eclipse.osgi_3.10.102.v20160118-1700.jar:na]
	at org.eclipse.osgi.internal.framework.EquinoxBundle.startWorker0(EquinoxBundle.java:941) [org.eclipse.osgi_3.10.102.v20160118-1700.jar:na]
	at org.eclipse.osgi.internal.framework.EquinoxBundle$EquinoxModule.startWorker(EquinoxBundle.java:318) [org.eclipse.osgi_3.10.102.v20160118-1700.jar:na]
	at org.eclipse.osgi.container.Module.doStart(Module.java:571) [org.eclipse.osgi_3.10.102.v20160118-1700.jar:na]
	at org.eclipse.osgi.container.Module.start(Module.java:439) [org.eclipse.osgi_3.10.102.v20160118-1700.jar:na]
	at org.eclipse.osgi.framework.util.SecureAction.start(SecureAction.java:454) [org.eclipse.osgi_3.10.102.v20160118-1700.jar:na]
	at org.eclipse.osgi.internal.hooks.EclipseLazyStarter.postFindLocalClass(EclipseLazyStarter.java:107) [org.eclipse.osgi_3.10.102.v20160118-1700.jar:na]
	at org.eclipse.osgi.internal.loader.classpath.ClasspathManager.findLocalClass(ClasspathManager.java:531) [org.eclipse.osgi_3.10.102.v20160118-1700.jar:na]
	at org.eclipse.osgi.internal.loader.ModuleClassLoader.findLocalClass(ModuleClassLoader.java:324) [org.eclipse.osgi_3.10.102.v20160118-1700.jar:na]
	at org.eclipse.osgi.internal.loader.BundleLoader.findLocalClass(BundleLoader.java:327) [org.eclipse.osgi_3.10.102.v20160118-1700.jar:na]
	at org.eclipse.osgi.internal.loader.BundleLoader.findClassInternal(BundleLoader.java:402) [org.eclipse.osgi_3.10.102.v20160118-1700.jar:na]
	at org.eclipse.osgi.internal.loader.BundleLoader.findClass(BundleLoader.java:352) [org.eclipse.osgi_3.10.102.v20160118-1700.jar:na]
	at org.eclipse.osgi.internal.loader.BundleLoader.findClass(BundleLoader.java:344) [org.eclipse.osgi_3.10.102.v20160118-1700.jar:na]
	at org.eclipse.osgi.internal.loader.ModuleClassLoader.loadClass(ModuleClassLoader.java:160) [org.eclipse.osgi_3.10.102.v20160118-1700.jar:na]
	at java.lang.ClassLoader.loadClass(Unknown Source) [na:1.8.0_121]
	at org.eclipse.osgi.internal.framework.EquinoxBundle.loadClass(EquinoxBundle.java:573) [org.eclipse.osgi_3.10.102.v20160118-1700.jar:na]
	at org.eclipse.core.internal.registry.osgi.RegistryStrategyOSGI.createExecutableExtension(RegistryStrategyOSGI.java:174) [org.eclipse.equinox.registry_3.6.0.v20150318-1503.jar:na]
	at org.eclipse.core.internal.registry.ExtensionRegistry.createExecutableExtension(ExtensionRegistry.java:905) [org.eclipse.equinox.registry_3.6.0.v20150318-1503.jar:na]
	at org.eclipse.core.internal.registry.ConfigurationElement.createExecutableExtension(ConfigurationElement.java:243) [org.eclipse.equinox.registry_3.6.0.v20150318-1503.jar:na]
	at org.eclipse.core.internal.registry.ConfigurationElementHandle.createExecutableExtension(ConfigurationElementHandle.java:55) [org.eclipse.equinox.registry_3.6.0.v20150318-1503.jar:na]
	at org.eclipse.core.internal.expressions.PropertyTesterDescriptor.instantiate(PropertyTesterDescriptor.java:96) [org.eclipse.core.expressions_3.5.0.v20150421-2214.jar:na]
	at org.eclipse.core.internal.expressions.TypeExtension.findTypeExtender(TypeExtension.java:97) [org.eclipse.core.expressions_3.5.0.v20150421-2214.jar:na]
	at org.eclipse.core.internal.expressions.TypeExtension.findTypeExtender(TypeExtension.java:130) [org.eclipse.core.expressions_3.5.0.v20150421-2214.jar:na]
	at org.eclipse.core.internal.expressions.TypeExtension.findTypeExtender(TypeExtension.java:130) [org.eclipse.core.expressions_3.5.0.v20150421-2214.jar:na]
	at org.eclipse.core.internal.expressions.TypeExtension.findTypeExtender(TypeExtension.java:130) [org.eclipse.core.expressions_3.5.0.v20150421-2214.jar:na]
	at org.eclipse.core.internal.expressions.TypeExtensionManager.getProperty(TypeExtensionManager.java:119) [org.eclipse.core.expressions_3.5.0.v20150421-2214.jar:na]
	at org.eclipse.core.internal.expressions.TestExpression.evaluate(TestExpression.java:97) [org.eclipse.core.expressions_3.5.0.v20150421-2214.jar:na]
	at org.eclipse.core.internal.expressions.CompositeExpression.evaluateAnd(CompositeExpression.java:53) [org.eclipse.core.expressions_3.5.0.v20150421-2214.jar:na]
	at org.eclipse.core.internal.expressions.WithExpression.evaluate(WithExpression.java:75) [org.eclipse.core.expressions_3.5.0.v20150421-2214.jar:na]
	at org.eclipse.core.internal.expressions.CompositeExpression.evaluateAnd(CompositeExpression.java:53) [org.eclipse.core.expressions_3.5.0.v20150421-2214.jar:na]
	at org.eclipse.core.internal.expressions.EnablementExpression.evaluate(EnablementExpression.java:55) [org.eclipse.core.expressions_3.5.0.v20150421-2214.jar:na]
	at org.eclipse.debug.internal.ui.launchConfigurations.LaunchShortcutExtension.evalEnablementExpression(LaunchShortcutExtension.java:281) [org.eclipse.debug.ui_3.11.101.v20160203-1230.jar:na]
	at org.eclipse.debug.internal.ui.contextlaunching.LaunchingResourceManager.getShortcutsForSelection(LaunchingResourceManager.java:455) [org.eclipse.debug.ui_3.11.101.v20160203-1230.jar:na]
	at org.eclipse.debug.internal.ui.contextlaunching.ContextRunner.selectAndLaunch(ContextRunner.java:115) [org.eclipse.debug.ui_3.11.101.v20160203-1230.jar:na]
	at org.eclipse.debug.internal.ui.contextlaunching.ContextRunner.launch(ContextRunner.java:81) [org.eclipse.debug.ui_3.11.101.v20160203-1230.jar:na]
	at org.eclipse.debug.ui.actions.AbstractLaunchToolbarAction.run(AbstractLaunchToolbarAction.java:82) [org.eclipse.debug.ui_3.11.101.v20160203-1230.jar:na]
	at org.eclipse.debug.ui.actions.AbstractLaunchHistoryAction.runWithEvent(AbstractLaunchHistoryAction.java:420) [org.eclipse.debug.ui_3.11.101.v20160203-1230.jar:na]
	at org.eclipse.ui.internal.PluginAction.runWithEvent(PluginAction.java:237) [org.eclipse.ui.workbench_3.107.1.v20160120-2131.jar:na]
	at org.eclipse.ui.internal.WWinPluginAction.runWithEvent(WWinPluginAction.java:228) [org.eclipse.ui.workbench_3.107.1.v20160120-2131.jar:na]
	at org.eclipse.jface.action.ActionContributionItem.handleWidgetSelection(ActionContributionItem.java:595) [org.eclipse.jface_3.11.1.v20160128-1644.jar:na]
	at org.eclipse.jface.action.ActionContributionItem.access$2(ActionContributionItem.java:511) [org.eclipse.jface_3.11.1.v20160128-1644.jar:na]
	at org.eclipse.jface.action.ActionContributionItem$6.handleEvent(ActionContributionItem.java:462) [org.eclipse.jface_3.11.1.v20160128-1644.jar:na]
	at org.eclipse.swt.widgets.EventTable.sendEvent(EventTable.java:84) [org.eclipse.swt.win32.win32.x86_64_3.104.2.v20160212-1350.jar:na]
	at org.eclipse.swt.widgets.Display.sendEvent(Display.java:4362) [org.eclipse.swt.win32.win32.x86_64_3.104.2.v20160212-1350.jar:na]
	at org.eclipse.swt.widgets.Widget.sendEvent(Widget.java:1113) [org.eclipse.swt.win32.win32.x86_64_3.104.2.v20160212-1350.jar:na]
	at org.eclipse.swt.widgets.Display.runDeferredEvents(Display.java:4180) [org.eclipse.swt.win32.win32.x86_64_3.104.2.v20160212-1350.jar:na]
	at org.eclipse.swt.widgets.Display.readAndDispatch(Display.java:3769) [org.eclipse.swt.win32.win32.x86_64_3.104.2.v20160212-1350.jar:na]
	at org.eclipse.e4.ui.internal.workbench.swt.PartRenderingEngine$4.run(PartRenderingEngine.java:1127) [org.eclipse.e4.ui.workbench.swt_0.13.0.v20150504-0621.jar:na]
	at org.eclipse.core.databinding.observable.Realm.runWithDefault(Realm.java:337) [org.eclipse.core.databinding.observable_1.5.0.v20150422-0725.jar:na]
	at org.eclipse.e4.ui.internal.workbench.swt.PartRenderingEngine.run(PartRenderingEngine.java:1018) [org.eclipse.e4.ui.workbench.swt_0.13.0.v20150504-0621.jar:na]
	at org.eclipse.e4.ui.internal.workbench.E4Workbench.createAndRunUI(E4Workbench.java:156) [org.eclipse.e4.ui.workbench_1.3.1.v20160203-0951.jar:na]
	at org.eclipse.ui.internal.Workbench$5.run(Workbench.java:694) [org.eclipse.ui.workbench_3.107.1.v20160120-2131.jar:na]
	at org.eclipse.core.databinding.observable.Realm.runWithDefault(Realm.java:337) [org.eclipse.core.databinding.observable_1.5.0.v20150422-0725.jar:na]
	at org.eclipse.ui.internal.Workbench.createAndRunWorkbench(Workbench.java:606) [org.eclipse.ui.workbench_3.107.1.v20160120-2131.jar:na]
	at org.eclipse.ui.PlatformUI.createAndRunWorkbench(PlatformUI.java:150) [org.eclipse.ui.workbench_3.107.1.v20160120-2131.jar:na]
	at org.eclipse.ui.internal.ide.application.IDEApplication.start(IDEApplication.java:139) [org.eclipse.ui.ide.application_1.1.0.v20150422-0725.jar:na]
	at org.eclipse.equinox.internal.app.EclipseAppHandle.run(EclipseAppHandle.java:196) [org.eclipse.equinox.app_1.3.300.v20150423-1356.jar:na]
	at org.eclipse.core.runtime.internal.adaptor.EclipseAppLauncher.runApplication(EclipseAppLauncher.java:134) [org.eclipse.osgi_3.10.102.v20160118-1700.jar:na]
	at org.eclipse.core.runtime.internal.adaptor.EclipseAppLauncher.start(EclipseAppLauncher.java:104) [org.eclipse.osgi_3.10.102.v20160118-1700.jar:na]
	at org.eclipse.core.runtime.adaptor.EclipseStarter.run(EclipseStarter.java:380) [org.eclipse.osgi_3.10.102.v20160118-1700.jar:na]
	at org.eclipse.core.runtime.adaptor.EclipseStarter.run(EclipseStarter.java:235) [org.eclipse.osgi_3.10.102.v20160118-1700.jar:na]
	at sun.reflect.NativeMethodAccessorImpl.invoke0(Native Method) ~[na:1.8.0_121]
	at sun.reflect.NativeMethodAccessorImpl.invoke(Unknown Source) ~[na:1.8.0_121]
	at sun.reflect.DelegatingMethodAccessorImpl.invoke(Unknown Source) ~[na:1.8.0_121]
	at java.lang.reflect.Method.invoke(Unknown Source) ~[na:1.8.0_121]
	at org.eclipse.equinox.launcher.Main.invokeFramework(Main.java:669) [org.eclipse.equinox.launcher_1.3.100.v20150511-1540.jar:na]
	at org.eclipse.equinox.launcher.Main.basicRun(Main.java:608) [org.eclipse.equinox.launcher_1.3.100.v20150511-1540.jar:na]
	at org.eclipse.equinox.launcher.Main.run(Main.java:1515) [org.eclipse.equinox.launcher_1.3.100.v20150511-1540.jar:na]
2017-06-26 12:02:41,458 [Worker-0] INFO  c.g.t.t.d.PublishedGradleVersions - Gradle version information cache file is out-of-date. Remote download required.
2017-06-30 21:56:28,448 [Worker-21] INFO  c.g.t.t.d.PublishedGradleVersions - Gradle version information cache file is out-of-date. Remote download required.
2017-07-01 07:19:49,753 [main] INFO  c.g.t.t.d.PublishedGradleVersions - Gradle version information cache file is not out-of-date. No remote download required.
2017-07-01 20:10:59,239 [Worker-9] INFO  c.g.t.t.d.PublishedGradleVersions - Gradle version information cache file is not out-of-date. No remote download required.
2017-07-02 10:33:37,770 [Worker-1] INFO  c.g.t.t.d.PublishedGradleVersions - Gradle version information cache file is out-of-date. Remote download required.
2017-07-02 22:44:57,279 [Worker-4] INFO  c.g.t.t.d.PublishedGradleVersions - Gradle version information cache file is not out-of-date. No remote download required.
2017-07-06 14:57:22,953 [Worker-7] INFO  c.g.t.t.d.PublishedGradleVersions - Gradle version information cache file is out-of-date. Remote download required.
2017-07-08 12:14:36,829 [Worker-2] INFO  c.g.t.t.d.PublishedGradleVersions - Gradle version information cache file is out-of-date. Remote download required.
2017-07-08 12:14:36,969 [Worker-2] ERROR c.g.t.t.d.PublishedGradleVersions - Cannot download published Gradle versions.
java.net.UnknownHostException: services.gradle.org
	at java.net.AbstractPlainSocketImpl.connect(Unknown Source) ~[na:1.8.0_131]
	at java.net.PlainSocketImpl.connect(Unknown Source) ~[na:1.8.0_131]
	at java.net.SocksSocketImpl.connect(Unknown Source) ~[na:1.8.0_131]
	at java.net.Socket.connect(Unknown Source) ~[na:1.8.0_131]
	at sun.security.ssl.SSLSocketImpl.connect(Unknown Source) ~[na:1.8.0_131]
	at sun.security.ssl.BaseSSLSocketImpl.connect(Unknown Source) ~[na:1.8.0_131]
	at sun.net.NetworkClient.doConnect(Unknown Source) ~[na:1.8.0_131]
	at sun.net.www.http.HttpClient.openServer(Unknown Source) ~[na:1.8.0_131]
	at sun.net.www.http.HttpClient.openServer(Unknown Source) ~[na:1.8.0_131]
	at sun.net.www.protocol.https.HttpsClient.<init>(Unknown Source) ~[na:1.8.0_131]
	at sun.net.www.protocol.https.HttpsClient.New(Unknown Source) ~[na:1.8.0_131]
	at sun.net.www.protocol.https.AbstractDelegateHttpsURLConnection.getNewHttpClient(Unknown Source) ~[na:1.8.0_131]
	at sun.net.www.protocol.http.HttpURLConnection.plainConnect0(Unknown Source) ~[na:1.8.0_131]
	at sun.net.www.protocol.http.HttpURLConnection.plainConnect(Unknown Source) ~[na:1.8.0_131]
	at sun.net.www.protocol.https.AbstractDelegateHttpsURLConnection.connect(Unknown Source) ~[na:1.8.0_131]
	at sun.net.www.protocol.http.HttpURLConnection.getInputStream0(Unknown Source) ~[na:1.8.0_131]
	at sun.net.www.protocol.http.HttpURLConnection.getInputStream(Unknown Source) ~[na:1.8.0_131]
	at sun.net.www.protocol.https.HttpsURLConnectionImpl.getInputStream(Unknown Source) ~[na:1.8.0_131]
	at com.gradleware.tooling.toolingutils.distribution.PublishedGradleVersions.downloadVersionInformation(PublishedGradleVersions.java:167) [com.gradleware.tooling.utils_0.8.1.v201512100932.jar:na]
	at com.gradleware.tooling.toolingutils.distribution.PublishedGradleVersions.create(PublishedGradleVersions.java:134) [com.gradleware.tooling.utils_0.8.1.v201512100932.jar:na]
	at org.eclipse.buildship.core.util.gradle.PublishedGradleVersionsWrapper.create(PublishedGradleVersionsWrapper.java:40) [org.eclipse.buildship.core_1.0.8.v20160201-1803.jar:na]
	at org.eclipse.buildship.core.util.gradle.PublishedGradleVersionsWrapper.<init>(PublishedGradleVersionsWrapper.java:35) [org.eclipse.buildship.core_1.0.8.v20160201-1803.jar:na]
	at org.eclipse.buildship.core.CorePlugin.createPublishedGradleVersions(CorePlugin.java:167) [org.eclipse.buildship.core_1.0.8.v20160201-1803.jar:na]
	at org.eclipse.buildship.core.CorePlugin.registerServices(CorePlugin.java:140) [org.eclipse.buildship.core_1.0.8.v20160201-1803.jar:na]
	at org.eclipse.buildship.core.CorePlugin.start(CorePlugin.java:103) [org.eclipse.buildship.core_1.0.8.v20160201-1803.jar:na]
	at org.eclipse.osgi.internal.framework.BundleContextImpl$3.run(BundleContextImpl.java:771) [org.eclipse.osgi_3.10.102.v20160118-1700.jar:na]
	at org.eclipse.osgi.internal.framework.BundleContextImpl$3.run(BundleContextImpl.java:1) [org.eclipse.osgi_3.10.102.v20160118-1700.jar:na]
	at java.security.AccessController.doPrivileged(Native Method) [na:1.8.0_131]
	at org.eclipse.osgi.internal.framework.BundleContextImpl.startActivator(BundleContextImpl.java:764) [org.eclipse.osgi_3.10.102.v20160118-1700.jar:na]
	at org.eclipse.osgi.internal.framework.BundleContextImpl.start(BundleContextImpl.java:721) [org.eclipse.osgi_3.10.102.v20160118-1700.jar:na]
	at org.eclipse.osgi.internal.framework.EquinoxBundle.startWorker0(EquinoxBundle.java:941) [org.eclipse.osgi_3.10.102.v20160118-1700.jar:na]
	at org.eclipse.osgi.internal.framework.EquinoxBundle$EquinoxModule.startWorker(EquinoxBundle.java:318) [org.eclipse.osgi_3.10.102.v20160118-1700.jar:na]
	at org.eclipse.osgi.container.Module.doStart(Module.java:571) [org.eclipse.osgi_3.10.102.v20160118-1700.jar:na]
	at org.eclipse.osgi.container.Module.start(Module.java:439) [org.eclipse.osgi_3.10.102.v20160118-1700.jar:na]
	at org.eclipse.osgi.framework.util.SecureAction.start(SecureAction.java:454) [org.eclipse.osgi_3.10.102.v20160118-1700.jar:na]
	at org.eclipse.osgi.internal.hooks.EclipseLazyStarter.postFindLocalClass(EclipseLazyStarter.java:107) [org.eclipse.osgi_3.10.102.v20160118-1700.jar:na]
	at org.eclipse.osgi.internal.loader.classpath.ClasspathManager.findLocalClass(ClasspathManager.java:531) [org.eclipse.osgi_3.10.102.v20160118-1700.jar:na]
	at org.eclipse.osgi.internal.loader.ModuleClassLoader.findLocalClass(ModuleClassLoader.java:324) [org.eclipse.osgi_3.10.102.v20160118-1700.jar:na]
	at org.eclipse.osgi.internal.loader.BundleLoader.findLocalClass(BundleLoader.java:327) [org.eclipse.osgi_3.10.102.v20160118-1700.jar:na]
	at org.eclipse.osgi.internal.loader.sources.SingleSourcePackage.loadClass(SingleSourcePackage.java:36) [org.eclipse.osgi_3.10.102.v20160118-1700.jar:na]
	at org.eclipse.osgi.internal.loader.BundleLoader.findClassInternal(BundleLoader.java:398) [org.eclipse.osgi_3.10.102.v20160118-1700.jar:na]
	at org.eclipse.osgi.internal.loader.BundleLoader.findClass(BundleLoader.java:352) [org.eclipse.osgi_3.10.102.v20160118-1700.jar:na]
	at org.eclipse.osgi.internal.loader.BundleLoader.findClass(BundleLoader.java:344) [org.eclipse.osgi_3.10.102.v20160118-1700.jar:na]
	at org.eclipse.osgi.internal.loader.ModuleClassLoader.loadClass(ModuleClassLoader.java:160) [org.eclipse.osgi_3.10.102.v20160118-1700.jar:na]
	at java.lang.ClassLoader.loadClass(Unknown Source) [na:1.8.0_131]
	at java.lang.Class.getDeclaredConstructors0(Native Method) [na:1.8.0_131]
	at java.lang.Class.privateGetDeclaredConstructors(Unknown Source) [na:1.8.0_131]
	at java.lang.Class.getConstructor0(Unknown Source) [na:1.8.0_131]
	at java.lang.Class.newInstance(Unknown Source) [na:1.8.0_131]
	at org.eclipse.osgi.internal.framework.BundleContextImpl.loadBundleActivator(BundleContextImpl.java:755) [org.eclipse.osgi_3.10.102.v20160118-1700.jar:na]
	at org.eclipse.osgi.internal.framework.BundleContextImpl.start(BundleContextImpl.java:706) [org.eclipse.osgi_3.10.102.v20160118-1700.jar:na]
	at org.eclipse.osgi.internal.framework.EquinoxBundle.startWorker0(EquinoxBundle.java:941) [org.eclipse.osgi_3.10.102.v20160118-1700.jar:na]
	at org.eclipse.osgi.internal.framework.EquinoxBundle$EquinoxModule.startWorker(EquinoxBundle.java:318) [org.eclipse.osgi_3.10.102.v20160118-1700.jar:na]
	at org.eclipse.osgi.container.Module.doStart(Module.java:571) [org.eclipse.osgi_3.10.102.v20160118-1700.jar:na]
	at org.eclipse.osgi.container.Module.start(Module.java:439) [org.eclipse.osgi_3.10.102.v20160118-1700.jar:na]
	at org.eclipse.osgi.framework.util.SecureAction.start(SecureAction.java:454) [org.eclipse.osgi_3.10.102.v20160118-1700.jar:na]
	at org.eclipse.osgi.internal.hooks.EclipseLazyStarter.postFindLocalClass(EclipseLazyStarter.java:107) [org.eclipse.osgi_3.10.102.v20160118-1700.jar:na]
	at org.eclipse.osgi.internal.loader.classpath.ClasspathManager.findLocalClass(ClasspathManager.java:531) [org.eclipse.osgi_3.10.102.v20160118-1700.jar:na]
	at org.eclipse.osgi.internal.loader.ModuleClassLoader.findLocalClass(ModuleClassLoader.java:324) [org.eclipse.osgi_3.10.102.v20160118-1700.jar:na]
	at org.eclipse.osgi.internal.loader.BundleLoader.findLocalClass(BundleLoader.java:327) [org.eclipse.osgi_3.10.102.v20160118-1700.jar:na]
	at org.eclipse.osgi.internal.loader.BundleLoader.findClassInternal(BundleLoader.java:402) [org.eclipse.osgi_3.10.102.v20160118-1700.jar:na]
	at org.eclipse.osgi.internal.loader.BundleLoader.findClass(BundleLoader.java:352) [org.eclipse.osgi_3.10.102.v20160118-1700.jar:na]
	at org.eclipse.osgi.internal.loader.BundleLoader.findClass(BundleLoader.java:344) [org.eclipse.osgi_3.10.102.v20160118-1700.jar:na]
	at org.eclipse.osgi.internal.loader.ModuleClassLoader.loadClass(ModuleClassLoader.java:160) [org.eclipse.osgi_3.10.102.v20160118-1700.jar:na]
	at java.lang.ClassLoader.loadClass(Unknown Source) [na:1.8.0_131]
	at org.eclipse.osgi.internal.framework.EquinoxBundle.loadClass(EquinoxBundle.java:573) [org.eclipse.osgi_3.10.102.v20160118-1700.jar:na]
	at org.eclipse.core.internal.registry.osgi.RegistryStrategyOSGI.createExecutableExtension(RegistryStrategyOSGI.java:174) [org.eclipse.equinox.registry_3.6.0.v20150318-1503.jar:na]
	at org.eclipse.core.internal.registry.ExtensionRegistry.createExecutableExtension(ExtensionRegistry.java:905) [org.eclipse.equinox.registry_3.6.0.v20150318-1503.jar:na]
	at org.eclipse.core.internal.registry.ConfigurationElement.createExecutableExtension(ConfigurationElement.java:243) [org.eclipse.equinox.registry_3.6.0.v20150318-1503.jar:na]
	at org.eclipse.core.internal.registry.ConfigurationElementHandle.createExecutableExtension(ConfigurationElementHandle.java:55) [org.eclipse.equinox.registry_3.6.0.v20150318-1503.jar:na]
	at org.eclipse.core.internal.expressions.PropertyTesterDescriptor.instantiate(PropertyTesterDescriptor.java:96) [org.eclipse.core.expressions_3.5.0.v20150421-2214.jar:na]
	at org.eclipse.core.internal.expressions.TypeExtension.findTypeExtender(TypeExtension.java:97) [org.eclipse.core.expressions_3.5.0.v20150421-2214.jar:na]
	at org.eclipse.core.internal.expressions.TypeExtension.findTypeExtender(TypeExtension.java:130) [org.eclipse.core.expressions_3.5.0.v20150421-2214.jar:na]
	at org.eclipse.core.internal.expressions.TypeExtension.findTypeExtender(TypeExtension.java:130) [org.eclipse.core.expressions_3.5.0.v20150421-2214.jar:na]
	at org.eclipse.core.internal.expressions.TypeExtension.findTypeExtender(TypeExtension.java:130) [org.eclipse.core.expressions_3.5.0.v20150421-2214.jar:na]
	at org.eclipse.core.internal.expressions.TypeExtensionManager.getProperty(TypeExtensionManager.java:119) [org.eclipse.core.expressions_3.5.0.v20150421-2214.jar:na]
	at org.eclipse.core.internal.expressions.TestExpression.evaluate(TestExpression.java:97) [org.eclipse.core.expressions_3.5.0.v20150421-2214.jar:na]
	at org.eclipse.core.internal.expressions.CompositeExpression.evaluateAnd(CompositeExpression.java:53) [org.eclipse.core.expressions_3.5.0.v20150421-2214.jar:na]
	at org.eclipse.core.internal.expressions.WithExpression.evaluate(WithExpression.java:75) [org.eclipse.core.expressions_3.5.0.v20150421-2214.jar:na]
	at org.eclipse.core.internal.expressions.CompositeExpression.evaluateAnd(CompositeExpression.java:53) [org.eclipse.core.expressions_3.5.0.v20150421-2214.jar:na]
	at org.eclipse.core.internal.expressions.EnablementExpression.evaluate(EnablementExpression.java:55) [org.eclipse.core.expressions_3.5.0.v20150421-2214.jar:na]
	at org.eclipse.debug.internal.ui.launchConfigurations.LaunchShortcutExtension.evalEnablementExpression(LaunchShortcutExtension.java:281) [org.eclipse.debug.ui_3.11.101.v20160203-1230.jar:na]
	at org.eclipse.debug.internal.ui.contextlaunching.LaunchingResourceManager.getShortcutsForSelection(LaunchingResourceManager.java:455) [org.eclipse.debug.ui_3.11.101.v20160203-1230.jar:na]
	at org.eclipse.debug.internal.ui.contextlaunching.LaunchingResourceManager.computeLabels(LaunchingResourceManager.java:240) [org.eclipse.debug.ui_3.11.101.v20160203-1230.jar:na]
	at org.eclipse.debug.internal.ui.contextlaunching.LaunchingResourceManager$1$1.run(LaunchingResourceManager.java:142) [org.eclipse.debug.ui_3.11.101.v20160203-1230.jar:na]
	at org.eclipse.core.internal.jobs.Worker.run(Worker.java:55) [org.eclipse.core.jobs_3.7.0.v20150330-2103.jar:na]
2017-07-08 12:47:35,795 [Worker-3] INFO  c.g.t.t.d.PublishedGradleVersions - Gradle version information cache file is out-of-date. Remote download required.
2017-07-08 12:47:35,820 [Worker-3] ERROR c.g.t.t.d.PublishedGradleVersions - Cannot download published Gradle versions.
java.net.UnknownHostException: services.gradle.org
	at java.net.AbstractPlainSocketImpl.connect(Unknown Source) ~[na:1.8.0_131]
	at java.net.PlainSocketImpl.connect(Unknown Source) ~[na:1.8.0_131]
	at java.net.SocksSocketImpl.connect(Unknown Source) ~[na:1.8.0_131]
	at java.net.Socket.connect(Unknown Source) ~[na:1.8.0_131]
	at sun.security.ssl.SSLSocketImpl.connect(Unknown Source) ~[na:1.8.0_131]
	at sun.security.ssl.BaseSSLSocketImpl.connect(Unknown Source) ~[na:1.8.0_131]
	at sun.net.NetworkClient.doConnect(Unknown Source) ~[na:1.8.0_131]
	at sun.net.www.http.HttpClient.openServer(Unknown Source) ~[na:1.8.0_131]
	at sun.net.www.http.HttpClient.openServer(Unknown Source) ~[na:1.8.0_131]
	at sun.net.www.protocol.https.HttpsClient.<init>(Unknown Source) ~[na:1.8.0_131]
	at sun.net.www.protocol.https.HttpsClient.New(Unknown Source) ~[na:1.8.0_131]
	at sun.net.www.protocol.https.AbstractDelegateHttpsURLConnection.getNewHttpClient(Unknown Source) ~[na:1.8.0_131]
	at sun.net.www.protocol.http.HttpURLConnection.plainConnect0(Unknown Source) ~[na:1.8.0_131]
	at sun.net.www.protocol.http.HttpURLConnection.plainConnect(Unknown Source) ~[na:1.8.0_131]
	at sun.net.www.protocol.https.AbstractDelegateHttpsURLConnection.connect(Unknown Source) ~[na:1.8.0_131]
	at sun.net.www.protocol.http.HttpURLConnection.getInputStream0(Unknown Source) ~[na:1.8.0_131]
	at sun.net.www.protocol.http.HttpURLConnection.getInputStream(Unknown Source) ~[na:1.8.0_131]
	at sun.net.www.protocol.https.HttpsURLConnectionImpl.getInputStream(Unknown Source) ~[na:1.8.0_131]
	at com.gradleware.tooling.toolingutils.distribution.PublishedGradleVersions.downloadVersionInformation(PublishedGradleVersions.java:167) [com.gradleware.tooling.utils_0.8.1.v201512100932.jar:na]
	at com.gradleware.tooling.toolingutils.distribution.PublishedGradleVersions.create(PublishedGradleVersions.java:134) [com.gradleware.tooling.utils_0.8.1.v201512100932.jar:na]
	at org.eclipse.buildship.core.util.gradle.PublishedGradleVersionsWrapper.create(PublishedGradleVersionsWrapper.java:40) [org.eclipse.buildship.core_1.0.8.v20160201-1803.jar:na]
	at org.eclipse.buildship.core.util.gradle.PublishedGradleVersionsWrapper.<init>(PublishedGradleVersionsWrapper.java:35) [org.eclipse.buildship.core_1.0.8.v20160201-1803.jar:na]
	at org.eclipse.buildship.core.CorePlugin.createPublishedGradleVersions(CorePlugin.java:167) [org.eclipse.buildship.core_1.0.8.v20160201-1803.jar:na]
	at org.eclipse.buildship.core.CorePlugin.registerServices(CorePlugin.java:140) [org.eclipse.buildship.core_1.0.8.v20160201-1803.jar:na]
	at org.eclipse.buildship.core.CorePlugin.start(CorePlugin.java:103) [org.eclipse.buildship.core_1.0.8.v20160201-1803.jar:na]
	at org.eclipse.osgi.internal.framework.BundleContextImpl$3.run(BundleContextImpl.java:771) [org.eclipse.osgi_3.10.102.v20160118-1700.jar:na]
	at org.eclipse.osgi.internal.framework.BundleContextImpl$3.run(BundleContextImpl.java:1) [org.eclipse.osgi_3.10.102.v20160118-1700.jar:na]
	at java.security.AccessController.doPrivileged(Native Method) [na:1.8.0_131]
	at org.eclipse.osgi.internal.framework.BundleContextImpl.startActivator(BundleContextImpl.java:764) [org.eclipse.osgi_3.10.102.v20160118-1700.jar:na]
	at org.eclipse.osgi.internal.framework.BundleContextImpl.start(BundleContextImpl.java:721) [org.eclipse.osgi_3.10.102.v20160118-1700.jar:na]
	at org.eclipse.osgi.internal.framework.EquinoxBundle.startWorker0(EquinoxBundle.java:941) [org.eclipse.osgi_3.10.102.v20160118-1700.jar:na]
	at org.eclipse.osgi.internal.framework.EquinoxBundle$EquinoxModule.startWorker(EquinoxBundle.java:318) [org.eclipse.osgi_3.10.102.v20160118-1700.jar:na]
	at org.eclipse.osgi.container.Module.doStart(Module.java:571) [org.eclipse.osgi_3.10.102.v20160118-1700.jar:na]
	at org.eclipse.osgi.container.Module.start(Module.java:439) [org.eclipse.osgi_3.10.102.v20160118-1700.jar:na]
	at org.eclipse.osgi.framework.util.SecureAction.start(SecureAction.java:454) [org.eclipse.osgi_3.10.102.v20160118-1700.jar:na]
	at org.eclipse.osgi.internal.hooks.EclipseLazyStarter.postFindLocalClass(EclipseLazyStarter.java:107) [org.eclipse.osgi_3.10.102.v20160118-1700.jar:na]
	at org.eclipse.osgi.internal.loader.classpath.ClasspathManager.findLocalClass(ClasspathManager.java:531) [org.eclipse.osgi_3.10.102.v20160118-1700.jar:na]
	at org.eclipse.osgi.internal.loader.ModuleClassLoader.findLocalClass(ModuleClassLoader.java:324) [org.eclipse.osgi_3.10.102.v20160118-1700.jar:na]
	at org.eclipse.osgi.internal.loader.BundleLoader.findLocalClass(BundleLoader.java:327) [org.eclipse.osgi_3.10.102.v20160118-1700.jar:na]
	at org.eclipse.osgi.internal.loader.sources.SingleSourcePackage.loadClass(SingleSourcePackage.java:36) [org.eclipse.osgi_3.10.102.v20160118-1700.jar:na]
	at org.eclipse.osgi.internal.loader.BundleLoader.findClassInternal(BundleLoader.java:398) [org.eclipse.osgi_3.10.102.v20160118-1700.jar:na]
	at org.eclipse.osgi.internal.loader.BundleLoader.findClass(BundleLoader.java:352) [org.eclipse.osgi_3.10.102.v20160118-1700.jar:na]
	at org.eclipse.osgi.internal.loader.BundleLoader.findClass(BundleLoader.java:344) [org.eclipse.osgi_3.10.102.v20160118-1700.jar:na]
	at org.eclipse.osgi.internal.loader.ModuleClassLoader.loadClass(ModuleClassLoader.java:160) [org.eclipse.osgi_3.10.102.v20160118-1700.jar:na]
	at java.lang.ClassLoader.loadClass(Unknown Source) [na:1.8.0_131]
	at java.lang.Class.getDeclaredConstructors0(Native Method) [na:1.8.0_131]
	at java.lang.Class.privateGetDeclaredConstructors(Unknown Source) [na:1.8.0_131]
	at java.lang.Class.getConstructor0(Unknown Source) [na:1.8.0_131]
	at java.lang.Class.newInstance(Unknown Source) [na:1.8.0_131]
	at org.eclipse.osgi.internal.framework.BundleContextImpl.loadBundleActivator(BundleContextImpl.java:755) [org.eclipse.osgi_3.10.102.v20160118-1700.jar:na]
	at org.eclipse.osgi.internal.framework.BundleContextImpl.start(BundleContextImpl.java:706) [org.eclipse.osgi_3.10.102.v20160118-1700.jar:na]
	at org.eclipse.osgi.internal.framework.EquinoxBundle.startWorker0(EquinoxBundle.java:941) [org.eclipse.osgi_3.10.102.v20160118-1700.jar:na]
	at org.eclipse.osgi.internal.framework.EquinoxBundle$EquinoxModule.startWorker(EquinoxBundle.java:318) [org.eclipse.osgi_3.10.102.v20160118-1700.jar:na]
	at org.eclipse.osgi.container.Module.doStart(Module.java:571) [org.eclipse.osgi_3.10.102.v20160118-1700.jar:na]
	at org.eclipse.osgi.container.Module.start(Module.java:439) [org.eclipse.osgi_3.10.102.v20160118-1700.jar:na]
	at org.eclipse.osgi.framework.util.SecureAction.start(SecureAction.java:454) [org.eclipse.osgi_3.10.102.v20160118-1700.jar:na]
	at org.eclipse.osgi.internal.hooks.EclipseLazyStarter.postFindLocalClass(EclipseLazyStarter.java:107) [org.eclipse.osgi_3.10.102.v20160118-1700.jar:na]
	at org.eclipse.osgi.internal.loader.classpath.ClasspathManager.findLocalClass(ClasspathManager.java:531) [org.eclipse.osgi_3.10.102.v20160118-1700.jar:na]
	at org.eclipse.osgi.internal.loader.ModuleClassLoader.findLocalClass(ModuleClassLoader.java:324) [org.eclipse.osgi_3.10.102.v20160118-1700.jar:na]
	at org.eclipse.osgi.internal.loader.BundleLoader.findLocalClass(BundleLoader.java:327) [org.eclipse.osgi_3.10.102.v20160118-1700.jar:na]
	at org.eclipse.osgi.internal.loader.BundleLoader.findClassInternal(BundleLoader.java:402) [org.eclipse.osgi_3.10.102.v20160118-1700.jar:na]
	at org.eclipse.osgi.internal.loader.BundleLoader.findClass(BundleLoader.java:352) [org.eclipse.osgi_3.10.102.v20160118-1700.jar:na]
	at org.eclipse.osgi.internal.loader.BundleLoader.findClass(BundleLoader.java:344) [org.eclipse.osgi_3.10.102.v20160118-1700.jar:na]
	at org.eclipse.osgi.internal.loader.ModuleClassLoader.loadClass(ModuleClassLoader.java:160) [org.eclipse.osgi_3.10.102.v20160118-1700.jar:na]
	at java.lang.ClassLoader.loadClass(Unknown Source) [na:1.8.0_131]
	at org.eclipse.osgi.internal.framework.EquinoxBundle.loadClass(EquinoxBundle.java:573) [org.eclipse.osgi_3.10.102.v20160118-1700.jar:na]
	at org.eclipse.core.internal.registry.osgi.RegistryStrategyOSGI.createExecutableExtension(RegistryStrategyOSGI.java:174) [org.eclipse.equinox.registry_3.6.0.v20150318-1503.jar:na]
	at org.eclipse.core.internal.registry.ExtensionRegistry.createExecutableExtension(ExtensionRegistry.java:905) [org.eclipse.equinox.registry_3.6.0.v20150318-1503.jar:na]
	at org.eclipse.core.internal.registry.ConfigurationElement.createExecutableExtension(ConfigurationElement.java:243) [org.eclipse.equinox.registry_3.6.0.v20150318-1503.jar:na]
	at org.eclipse.core.internal.registry.ConfigurationElementHandle.createExecutableExtension(ConfigurationElementHandle.java:55) [org.eclipse.equinox.registry_3.6.0.v20150318-1503.jar:na]
	at org.eclipse.core.internal.expressions.PropertyTesterDescriptor.instantiate(PropertyTesterDescriptor.java:96) [org.eclipse.core.expressions_3.5.0.v20150421-2214.jar:na]
	at org.eclipse.core.internal.expressions.TypeExtension.findTypeExtender(TypeExtension.java:97) [org.eclipse.core.expressions_3.5.0.v20150421-2214.jar:na]
	at org.eclipse.core.internal.expressions.TypeExtension.findTypeExtender(TypeExtension.java:130) [org.eclipse.core.expressions_3.5.0.v20150421-2214.jar:na]
	at org.eclipse.core.internal.expressions.TypeExtension.findTypeExtender(TypeExtension.java:130) [org.eclipse.core.expressions_3.5.0.v20150421-2214.jar:na]
	at org.eclipse.core.internal.expressions.TypeExtension.findTypeExtender(TypeExtension.java:130) [org.eclipse.core.expressions_3.5.0.v20150421-2214.jar:na]
	at org.eclipse.core.internal.expressions.TypeExtensionManager.getProperty(TypeExtensionManager.java:119) [org.eclipse.core.expressions_3.5.0.v20150421-2214.jar:na]
	at org.eclipse.core.internal.expressions.TestExpression.evaluate(TestExpression.java:97) [org.eclipse.core.expressions_3.5.0.v20150421-2214.jar:na]
	at org.eclipse.core.internal.expressions.CompositeExpression.evaluateAnd(CompositeExpression.java:53) [org.eclipse.core.expressions_3.5.0.v20150421-2214.jar:na]
	at org.eclipse.core.internal.expressions.WithExpression.evaluate(WithExpression.java:75) [org.eclipse.core.expressions_3.5.0.v20150421-2214.jar:na]
	at org.eclipse.core.internal.expressions.CompositeExpression.evaluateAnd(CompositeExpression.java:53) [org.eclipse.core.expressions_3.5.0.v20150421-2214.jar:na]
	at org.eclipse.core.internal.expressions.EnablementExpression.evaluate(EnablementExpression.java:55) [org.eclipse.core.expressions_3.5.0.v20150421-2214.jar:na]
	at org.eclipse.debug.internal.ui.launchConfigurations.LaunchShortcutExtension.evalEnablementExpression(LaunchShortcutExtension.java:281) [org.eclipse.debug.ui_3.11.101.v20160203-1230.jar:na]
	at org.eclipse.debug.internal.ui.contextlaunching.LaunchingResourceManager.getShortcutsForSelection(LaunchingResourceManager.java:455) [org.eclipse.debug.ui_3.11.101.v20160203-1230.jar:na]
	at org.eclipse.debug.internal.ui.contextlaunching.LaunchingResourceManager.computeLabels(LaunchingResourceManager.java:240) [org.eclipse.debug.ui_3.11.101.v20160203-1230.jar:na]
	at org.eclipse.debug.internal.ui.contextlaunching.LaunchingResourceManager$1$1.run(LaunchingResourceManager.java:142) [org.eclipse.debug.ui_3.11.101.v20160203-1230.jar:na]
	at org.eclipse.core.internal.jobs.Worker.run(Worker.java:55) [org.eclipse.core.jobs_3.7.0.v20150330-2103.jar:na]
2017-07-08 22:03:00,283 [Worker-9] INFO  c.g.t.t.d.PublishedGradleVersions - Gradle version information cache file is out-of-date. Remote download required.
2017-07-09 18:24:36,180 [Worker-3] INFO  c.g.t.t.d.PublishedGradleVersions - Gradle version information cache file is not out-of-date. No remote download required.
2017-07-10 09:44:47,341 [Worker-5] INFO  c.g.t.t.d.PublishedGradleVersions - Gradle version information cache file is out-of-date. Remote download required.
2017-07-10 19:35:42,907 [Worker-12] INFO  c.g.t.t.d.PublishedGradleVersions - Gradle version information cache file is out-of-date. Remote download required.
2017-07-10 19:52:35,922 [Worker-15] INFO  c.g.t.t.d.PublishedGradleVersions - Gradle version information cache file is not out-of-date. No remote download required.
2017-07-11 20:56:09,888 [Worker-3] INFO  c.g.t.t.d.PublishedGradleVersions - Gradle version information cache file is out-of-date. Remote download required.
2017-07-12 23:06:41,670 [Worker-6] INFO  c.g.t.t.d.PublishedGradleVersions - Gradle version information cache file is out-of-date. Remote download required.
2017-07-13 09:48:04,891 [Worker-14] INFO  c.g.t.t.d.PublishedGradleVersions - Gradle version information cache file is not out-of-date. No remote download required.
2017-07-13 12:24:54,335 [Worker-12] INFO  c.g.t.t.d.PublishedGradleVersions - Gradle version information cache file is not out-of-date. No remote download required.
2017-07-13 12:37:53,441 [Worker-14] INFO  c.g.t.t.d.PublishedGradleVersions - Gradle version information cache file is not out-of-date. No remote download required.
2017-07-13 12:38:55,710 [Worker-6] INFO  c.g.t.t.d.PublishedGradleVersions - Gradle version information cache file is not out-of-date. No remote download required.
2017-07-13 12:41:36,955 [Worker-5] INFO  c.g.t.t.d.PublishedGradleVersions - Gradle version information cache file is not out-of-date. No remote download required.
2017-07-13 20:35:31,297 [Worker-0] INFO  c.g.t.t.d.PublishedGradleVersions - Gradle version information cache file is out-of-date. Remote download required.
2017-07-13 20:35:32,033 [Worker-0] ERROR c.g.t.t.d.PublishedGradleVersions - Cannot download published Gradle versions.
java.net.UnknownHostException: services.gradle.org
	at java.net.AbstractPlainSocketImpl.connect(Unknown Source) ~[na:1.8.0_131]
	at java.net.PlainSocketImpl.connect(Unknown Source) ~[na:1.8.0_131]
	at java.net.SocksSocketImpl.connect(Unknown Source) ~[na:1.8.0_131]
	at java.net.Socket.connect(Unknown Source) ~[na:1.8.0_131]
	at sun.security.ssl.SSLSocketImpl.connect(Unknown Source) ~[na:1.8.0_131]
	at sun.security.ssl.BaseSSLSocketImpl.connect(Unknown Source) ~[na:1.8.0_131]
	at sun.net.NetworkClient.doConnect(Unknown Source) ~[na:1.8.0_131]
	at sun.net.www.http.HttpClient.openServer(Unknown Source) ~[na:1.8.0_131]
	at sun.net.www.http.HttpClient.openServer(Unknown Source) ~[na:1.8.0_131]
	at sun.net.www.protocol.https.HttpsClient.<init>(Unknown Source) ~[na:1.8.0_131]
	at sun.net.www.protocol.https.HttpsClient.New(Unknown Source) ~[na:1.8.0_131]
	at sun.net.www.protocol.https.AbstractDelegateHttpsURLConnection.getNewHttpClient(Unknown Source) ~[na:1.8.0_131]
	at sun.net.www.protocol.http.HttpURLConnection.plainConnect0(Unknown Source) ~[na:1.8.0_131]
	at sun.net.www.protocol.http.HttpURLConnection.plainConnect(Unknown Source) ~[na:1.8.0_131]
	at sun.net.www.protocol.https.AbstractDelegateHttpsURLConnection.connect(Unknown Source) ~[na:1.8.0_131]
	at sun.net.www.protocol.http.HttpURLConnection.getInputStream0(Unknown Source) ~[na:1.8.0_131]
	at sun.net.www.protocol.http.HttpURLConnection.getInputStream(Unknown Source) ~[na:1.8.0_131]
	at sun.net.www.protocol.https.HttpsURLConnectionImpl.getInputStream(Unknown Source) ~[na:1.8.0_131]
	at com.gradleware.tooling.toolingutils.distribution.PublishedGradleVersions.downloadVersionInformation(PublishedGradleVersions.java:167) [com.gradleware.tooling.utils_0.8.1.v201512100932.jar:na]
	at com.gradleware.tooling.toolingutils.distribution.PublishedGradleVersions.create(PublishedGradleVersions.java:134) [com.gradleware.tooling.utils_0.8.1.v201512100932.jar:na]
	at org.eclipse.buildship.core.util.gradle.PublishedGradleVersionsWrapper.create(PublishedGradleVersionsWrapper.java:40) [org.eclipse.buildship.core_1.0.8.v20160201-1803.jar:na]
	at org.eclipse.buildship.core.util.gradle.PublishedGradleVersionsWrapper.<init>(PublishedGradleVersionsWrapper.java:35) [org.eclipse.buildship.core_1.0.8.v20160201-1803.jar:na]
	at org.eclipse.buildship.core.CorePlugin.createPublishedGradleVersions(CorePlugin.java:167) [org.eclipse.buildship.core_1.0.8.v20160201-1803.jar:na]
	at org.eclipse.buildship.core.CorePlugin.registerServices(CorePlugin.java:140) [org.eclipse.buildship.core_1.0.8.v20160201-1803.jar:na]
	at org.eclipse.buildship.core.CorePlugin.start(CorePlugin.java:103) [org.eclipse.buildship.core_1.0.8.v20160201-1803.jar:na]
	at org.eclipse.osgi.internal.framework.BundleContextImpl$3.run(BundleContextImpl.java:771) [org.eclipse.osgi_3.10.102.v20160118-1700.jar:na]
	at org.eclipse.osgi.internal.framework.BundleContextImpl$3.run(BundleContextImpl.java:1) [org.eclipse.osgi_3.10.102.v20160118-1700.jar:na]
	at java.security.AccessController.doPrivileged(Native Method) [na:1.8.0_131]
	at org.eclipse.osgi.internal.framework.BundleContextImpl.startActivator(BundleContextImpl.java:764) [org.eclipse.osgi_3.10.102.v20160118-1700.jar:na]
	at org.eclipse.osgi.internal.framework.BundleContextImpl.start(BundleContextImpl.java:721) [org.eclipse.osgi_3.10.102.v20160118-1700.jar:na]
	at org.eclipse.osgi.internal.framework.EquinoxBundle.startWorker0(EquinoxBundle.java:941) [org.eclipse.osgi_3.10.102.v20160118-1700.jar:na]
	at org.eclipse.osgi.internal.framework.EquinoxBundle$EquinoxModule.startWorker(EquinoxBundle.java:318) [org.eclipse.osgi_3.10.102.v20160118-1700.jar:na]
	at org.eclipse.osgi.container.Module.doStart(Module.java:571) [org.eclipse.osgi_3.10.102.v20160118-1700.jar:na]
	at org.eclipse.osgi.container.Module.start(Module.java:439) [org.eclipse.osgi_3.10.102.v20160118-1700.jar:na]
	at org.eclipse.osgi.framework.util.SecureAction.start(SecureAction.java:454) [org.eclipse.osgi_3.10.102.v20160118-1700.jar:na]
	at org.eclipse.osgi.internal.hooks.EclipseLazyStarter.postFindLocalClass(EclipseLazyStarter.java:107) [org.eclipse.osgi_3.10.102.v20160118-1700.jar:na]
	at org.eclipse.osgi.internal.loader.classpath.ClasspathManager.findLocalClass(ClasspathManager.java:531) [org.eclipse.osgi_3.10.102.v20160118-1700.jar:na]
	at org.eclipse.osgi.internal.loader.ModuleClassLoader.findLocalClass(ModuleClassLoader.java:324) [org.eclipse.osgi_3.10.102.v20160118-1700.jar:na]
	at org.eclipse.osgi.internal.loader.BundleLoader.findLocalClass(BundleLoader.java:327) [org.eclipse.osgi_3.10.102.v20160118-1700.jar:na]
	at org.eclipse.osgi.internal.loader.sources.SingleSourcePackage.loadClass(SingleSourcePackage.java:36) [org.eclipse.osgi_3.10.102.v20160118-1700.jar:na]
	at org.eclipse.osgi.internal.loader.BundleLoader.findClassInternal(BundleLoader.java:398) [org.eclipse.osgi_3.10.102.v20160118-1700.jar:na]
	at org.eclipse.osgi.internal.loader.BundleLoader.findClass(BundleLoader.java:352) [org.eclipse.osgi_3.10.102.v20160118-1700.jar:na]
	at org.eclipse.osgi.internal.loader.BundleLoader.findClass(BundleLoader.java:344) [org.eclipse.osgi_3.10.102.v20160118-1700.jar:na]
	at org.eclipse.osgi.internal.loader.ModuleClassLoader.loadClass(ModuleClassLoader.java:160) [org.eclipse.osgi_3.10.102.v20160118-1700.jar:na]
	at java.lang.ClassLoader.loadClass(Unknown Source) [na:1.8.0_131]
	at java.lang.Class.getDeclaredConstructors0(Native Method) [na:1.8.0_131]
	at java.lang.Class.privateGetDeclaredConstructors(Unknown Source) [na:1.8.0_131]
	at java.lang.Class.getConstructor0(Unknown Source) [na:1.8.0_131]
	at java.lang.Class.newInstance(Unknown Source) [na:1.8.0_131]
	at org.eclipse.osgi.internal.framework.BundleContextImpl.loadBundleActivator(BundleContextImpl.java:755) [org.eclipse.osgi_3.10.102.v20160118-1700.jar:na]
	at org.eclipse.osgi.internal.framework.BundleContextImpl.start(BundleContextImpl.java:706) [org.eclipse.osgi_3.10.102.v20160118-1700.jar:na]
	at org.eclipse.osgi.internal.framework.EquinoxBundle.startWorker0(EquinoxBundle.java:941) [org.eclipse.osgi_3.10.102.v20160118-1700.jar:na]
	at org.eclipse.osgi.internal.framework.EquinoxBundle$EquinoxModule.startWorker(EquinoxBundle.java:318) [org.eclipse.osgi_3.10.102.v20160118-1700.jar:na]
	at org.eclipse.osgi.container.Module.doStart(Module.java:571) [org.eclipse.osgi_3.10.102.v20160118-1700.jar:na]
	at org.eclipse.osgi.container.Module.start(Module.java:439) [org.eclipse.osgi_3.10.102.v20160118-1700.jar:na]
	at org.eclipse.osgi.framework.util.SecureAction.start(SecureAction.java:454) [org.eclipse.osgi_3.10.102.v20160118-1700.jar:na]
	at org.eclipse.osgi.internal.hooks.EclipseLazyStarter.postFindLocalClass(EclipseLazyStarter.java:107) [org.eclipse.osgi_3.10.102.v20160118-1700.jar:na]
	at org.eclipse.osgi.internal.loader.classpath.ClasspathManager.findLocalClass(ClasspathManager.java:531) [org.eclipse.osgi_3.10.102.v20160118-1700.jar:na]
	at org.eclipse.osgi.internal.loader.ModuleClassLoader.findLocalClass(ModuleClassLoader.java:324) [org.eclipse.osgi_3.10.102.v20160118-1700.jar:na]
	at org.eclipse.osgi.internal.loader.BundleLoader.findLocalClass(BundleLoader.java:327) [org.eclipse.osgi_3.10.102.v20160118-1700.jar:na]
	at org.eclipse.osgi.internal.loader.BundleLoader.findClassInternal(BundleLoader.java:402) [org.eclipse.osgi_3.10.102.v20160118-1700.jar:na]
	at org.eclipse.osgi.internal.loader.BundleLoader.findClass(BundleLoader.java:352) [org.eclipse.osgi_3.10.102.v20160118-1700.jar:na]
	at org.eclipse.osgi.internal.loader.BundleLoader.findClass(BundleLoader.java:344) [org.eclipse.osgi_3.10.102.v20160118-1700.jar:na]
	at org.eclipse.osgi.internal.loader.ModuleClassLoader.loadClass(ModuleClassLoader.java:160) [org.eclipse.osgi_3.10.102.v20160118-1700.jar:na]
	at java.lang.ClassLoader.loadClass(Unknown Source) [na:1.8.0_131]
	at org.eclipse.osgi.internal.framework.EquinoxBundle.loadClass(EquinoxBundle.java:573) [org.eclipse.osgi_3.10.102.v20160118-1700.jar:na]
	at org.eclipse.core.internal.registry.osgi.RegistryStrategyOSGI.createExecutableExtension(RegistryStrategyOSGI.java:174) [org.eclipse.equinox.registry_3.6.0.v20150318-1503.jar:na]
	at org.eclipse.core.internal.registry.ExtensionRegistry.createExecutableExtension(ExtensionRegistry.java:905) [org.eclipse.equinox.registry_3.6.0.v20150318-1503.jar:na]
	at org.eclipse.core.internal.registry.ConfigurationElement.createExecutableExtension(ConfigurationElement.java:243) [org.eclipse.equinox.registry_3.6.0.v20150318-1503.jar:na]
	at org.eclipse.core.internal.registry.ConfigurationElementHandle.createExecutableExtension(ConfigurationElementHandle.java:55) [org.eclipse.equinox.registry_3.6.0.v20150318-1503.jar:na]
	at org.eclipse.core.internal.expressions.PropertyTesterDescriptor.instantiate(PropertyTesterDescriptor.java:96) [org.eclipse.core.expressions_3.5.0.v20150421-2214.jar:na]
	at org.eclipse.core.internal.expressions.TypeExtension.findTypeExtender(TypeExtension.java:97) [org.eclipse.core.expressions_3.5.0.v20150421-2214.jar:na]
	at org.eclipse.core.internal.expressions.TypeExtension.findTypeExtender(TypeExtension.java:130) [org.eclipse.core.expressions_3.5.0.v20150421-2214.jar:na]
	at org.eclipse.core.internal.expressions.TypeExtension.findTypeExtender(TypeExtension.java:130) [org.eclipse.core.expressions_3.5.0.v20150421-2214.jar:na]
	at org.eclipse.core.internal.expressions.TypeExtension.findTypeExtender(TypeExtension.java:130) [org.eclipse.core.expressions_3.5.0.v20150421-2214.jar:na]
	at org.eclipse.core.internal.expressions.TypeExtensionManager.getProperty(TypeExtensionManager.java:119) [org.eclipse.core.expressions_3.5.0.v20150421-2214.jar:na]
	at org.eclipse.core.internal.expressions.TestExpression.evaluate(TestExpression.java:97) [org.eclipse.core.expressions_3.5.0.v20150421-2214.jar:na]
	at org.eclipse.core.internal.expressions.CompositeExpression.evaluateAnd(CompositeExpression.java:53) [org.eclipse.core.expressions_3.5.0.v20150421-2214.jar:na]
	at org.eclipse.core.internal.expressions.WithExpression.evaluate(WithExpression.java:75) [org.eclipse.core.expressions_3.5.0.v20150421-2214.jar:na]
	at org.eclipse.core.internal.expressions.CompositeExpression.evaluateAnd(CompositeExpression.java:53) [org.eclipse.core.expressions_3.5.0.v20150421-2214.jar:na]
	at org.eclipse.core.internal.expressions.EnablementExpression.evaluate(EnablementExpression.java:55) [org.eclipse.core.expressions_3.5.0.v20150421-2214.jar:na]
	at org.eclipse.debug.internal.ui.launchConfigurations.LaunchShortcutExtension.evalEnablementExpression(LaunchShortcutExtension.java:281) [org.eclipse.debug.ui_3.11.101.v20160203-1230.jar:na]
	at org.eclipse.debug.internal.ui.contextlaunching.LaunchingResourceManager.getShortcutsForSelection(LaunchingResourceManager.java:455) [org.eclipse.debug.ui_3.11.101.v20160203-1230.jar:na]
	at org.eclipse.debug.internal.ui.contextlaunching.LaunchingResourceManager.computeLabels(LaunchingResourceManager.java:240) [org.eclipse.debug.ui_3.11.101.v20160203-1230.jar:na]
	at org.eclipse.debug.internal.ui.contextlaunching.LaunchingResourceManager$1$1.run(LaunchingResourceManager.java:142) [org.eclipse.debug.ui_3.11.101.v20160203-1230.jar:na]
	at org.eclipse.core.internal.jobs.Worker.run(Worker.java:55) [org.eclipse.core.jobs_3.7.0.v20150330-2103.jar:na]
2017-07-13 22:53:01,969 [Worker-6] INFO  c.g.t.t.d.PublishedGradleVersions - Gradle version information cache file is not out-of-date. No remote download required.
2017-07-14 00:08:46,509 [Worker-10] INFO  c.g.t.t.d.PublishedGradleVersions - Gradle version information cache file is out-of-date. Remote download required.
2017-07-14 07:25:36,141 [Worker-10] INFO  c.g.t.t.d.PublishedGradleVersions - Gradle version information cache file is out-of-date. Remote download required.
2017-07-14 09:50:20,646 [Worker-12] INFO  c.g.t.t.d.PublishedGradleVersions - Gradle version information cache file is not out-of-date. No remote download required.
2017-07-14 10:27:22,328 [Worker-0] INFO  c.g.t.t.d.PublishedGradleVersions - Gradle version information cache file is not out-of-date. No remote download required.
2017-07-14 15:10:22,851 [Worker-15] INFO  c.g.t.t.d.PublishedGradleVersions - Gradle version information cache file is not out-of-date. No remote download required.
2017-07-14 17:09:34,529 [Worker-0] INFO  c.g.t.t.d.PublishedGradleVersions - Gradle version information cache file is out-of-date. Remote download required.
2017-07-14 17:09:35,555 [Worker-0] ERROR c.g.t.t.d.PublishedGradleVersions - Cannot download published Gradle versions.
java.net.UnknownHostException: services.gradle.org
	at java.net.AbstractPlainSocketImpl.connect(Unknown Source) ~[na:1.8.0_131]
	at java.net.PlainSocketImpl.connect(Unknown Source) ~[na:1.8.0_131]
	at java.net.SocksSocketImpl.connect(Unknown Source) ~[na:1.8.0_131]
	at java.net.Socket.connect(Unknown Source) ~[na:1.8.0_131]
	at sun.security.ssl.SSLSocketImpl.connect(Unknown Source) ~[na:1.8.0_131]
	at sun.security.ssl.BaseSSLSocketImpl.connect(Unknown Source) ~[na:1.8.0_131]
	at sun.net.NetworkClient.doConnect(Unknown Source) ~[na:1.8.0_131]
	at sun.net.www.http.HttpClient.openServer(Unknown Source) ~[na:1.8.0_131]
	at sun.net.www.http.HttpClient.openServer(Unknown Source) ~[na:1.8.0_131]
	at sun.net.www.protocol.https.HttpsClient.<init>(Unknown Source) ~[na:1.8.0_131]
	at sun.net.www.protocol.https.HttpsClient.New(Unknown Source) ~[na:1.8.0_131]
	at sun.net.www.protocol.https.AbstractDelegateHttpsURLConnection.getNewHttpClient(Unknown Source) ~[na:1.8.0_131]
	at sun.net.www.protocol.http.HttpURLConnection.plainConnect0(Unknown Source) ~[na:1.8.0_131]
	at sun.net.www.protocol.http.HttpURLConnection.plainConnect(Unknown Source) ~[na:1.8.0_131]
	at sun.net.www.protocol.https.AbstractDelegateHttpsURLConnection.connect(Unknown Source) ~[na:1.8.0_131]
	at sun.net.www.protocol.http.HttpURLConnection.getInputStream0(Unknown Source) ~[na:1.8.0_131]
	at sun.net.www.protocol.http.HttpURLConnection.getInputStream(Unknown Source) ~[na:1.8.0_131]
	at sun.net.www.protocol.https.HttpsURLConnectionImpl.getInputStream(Unknown Source) ~[na:1.8.0_131]
	at com.gradleware.tooling.toolingutils.distribution.PublishedGradleVersions.downloadVersionInformation(PublishedGradleVersions.java:167) [com.gradleware.tooling.utils_0.8.1.v201512100932.jar:na]
	at com.gradleware.tooling.toolingutils.distribution.PublishedGradleVersions.create(PublishedGradleVersions.java:134) [com.gradleware.tooling.utils_0.8.1.v201512100932.jar:na]
	at org.eclipse.buildship.core.util.gradle.PublishedGradleVersionsWrapper.create(PublishedGradleVersionsWrapper.java:40) [org.eclipse.buildship.core_1.0.8.v20160201-1803.jar:na]
	at org.eclipse.buildship.core.util.gradle.PublishedGradleVersionsWrapper.<init>(PublishedGradleVersionsWrapper.java:35) [org.eclipse.buildship.core_1.0.8.v20160201-1803.jar:na]
	at org.eclipse.buildship.core.CorePlugin.createPublishedGradleVersions(CorePlugin.java:167) [org.eclipse.buildship.core_1.0.8.v20160201-1803.jar:na]
	at org.eclipse.buildship.core.CorePlugin.registerServices(CorePlugin.java:140) [org.eclipse.buildship.core_1.0.8.v20160201-1803.jar:na]
	at org.eclipse.buildship.core.CorePlugin.start(CorePlugin.java:103) [org.eclipse.buildship.core_1.0.8.v20160201-1803.jar:na]
	at org.eclipse.osgi.internal.framework.BundleContextImpl$3.run(BundleContextImpl.java:771) [org.eclipse.osgi_3.10.102.v20160118-1700.jar:na]
	at org.eclipse.osgi.internal.framework.BundleContextImpl$3.run(BundleContextImpl.java:1) [org.eclipse.osgi_3.10.102.v20160118-1700.jar:na]
	at java.security.AccessController.doPrivileged(Native Method) [na:1.8.0_131]
	at org.eclipse.osgi.internal.framework.BundleContextImpl.startActivator(BundleContextImpl.java:764) [org.eclipse.osgi_3.10.102.v20160118-1700.jar:na]
	at org.eclipse.osgi.internal.framework.BundleContextImpl.start(BundleContextImpl.java:721) [org.eclipse.osgi_3.10.102.v20160118-1700.jar:na]
	at org.eclipse.osgi.internal.framework.EquinoxBundle.startWorker0(EquinoxBundle.java:941) [org.eclipse.osgi_3.10.102.v20160118-1700.jar:na]
	at org.eclipse.osgi.internal.framework.EquinoxBundle$EquinoxModule.startWorker(EquinoxBundle.java:318) [org.eclipse.osgi_3.10.102.v20160118-1700.jar:na]
	at org.eclipse.osgi.container.Module.doStart(Module.java:571) [org.eclipse.osgi_3.10.102.v20160118-1700.jar:na]
	at org.eclipse.osgi.container.Module.start(Module.java:439) [org.eclipse.osgi_3.10.102.v20160118-1700.jar:na]
	at org.eclipse.osgi.framework.util.SecureAction.start(SecureAction.java:454) [org.eclipse.osgi_3.10.102.v20160118-1700.jar:na]
	at org.eclipse.osgi.internal.hooks.EclipseLazyStarter.postFindLocalClass(EclipseLazyStarter.java:107) [org.eclipse.osgi_3.10.102.v20160118-1700.jar:na]
	at org.eclipse.osgi.internal.loader.classpath.ClasspathManager.findLocalClass(ClasspathManager.java:531) [org.eclipse.osgi_3.10.102.v20160118-1700.jar:na]
	at org.eclipse.osgi.internal.loader.ModuleClassLoader.findLocalClass(ModuleClassLoader.java:324) [org.eclipse.osgi_3.10.102.v20160118-1700.jar:na]
	at org.eclipse.osgi.internal.loader.BundleLoader.findLocalClass(BundleLoader.java:327) [org.eclipse.osgi_3.10.102.v20160118-1700.jar:na]
	at org.eclipse.osgi.internal.loader.sources.SingleSourcePackage.loadClass(SingleSourcePackage.java:36) [org.eclipse.osgi_3.10.102.v20160118-1700.jar:na]
	at org.eclipse.osgi.internal.loader.BundleLoader.findClassInternal(BundleLoader.java:398) [org.eclipse.osgi_3.10.102.v20160118-1700.jar:na]
	at org.eclipse.osgi.internal.loader.BundleLoader.findClass(BundleLoader.java:352) [org.eclipse.osgi_3.10.102.v20160118-1700.jar:na]
	at org.eclipse.osgi.internal.loader.BundleLoader.findClass(BundleLoader.java:344) [org.eclipse.osgi_3.10.102.v20160118-1700.jar:na]
	at org.eclipse.osgi.internal.loader.ModuleClassLoader.loadClass(ModuleClassLoader.java:160) [org.eclipse.osgi_3.10.102.v20160118-1700.jar:na]
	at java.lang.ClassLoader.loadClass(Unknown Source) [na:1.8.0_131]
	at java.lang.Class.getDeclaredConstructors0(Native Method) [na:1.8.0_131]
	at java.lang.Class.privateGetDeclaredConstructors(Unknown Source) [na:1.8.0_131]
	at java.lang.Class.getConstructor0(Unknown Source) [na:1.8.0_131]
	at java.lang.Class.newInstance(Unknown Source) [na:1.8.0_131]
	at org.eclipse.osgi.internal.framework.BundleContextImpl.loadBundleActivator(BundleContextImpl.java:755) [org.eclipse.osgi_3.10.102.v20160118-1700.jar:na]
	at org.eclipse.osgi.internal.framework.BundleContextImpl.start(BundleContextImpl.java:706) [org.eclipse.osgi_3.10.102.v20160118-1700.jar:na]
	at org.eclipse.osgi.internal.framework.EquinoxBundle.startWorker0(EquinoxBundle.java:941) [org.eclipse.osgi_3.10.102.v20160118-1700.jar:na]
	at org.eclipse.osgi.internal.framework.EquinoxBundle$EquinoxModule.startWorker(EquinoxBundle.java:318) [org.eclipse.osgi_3.10.102.v20160118-1700.jar:na]
	at org.eclipse.osgi.container.Module.doStart(Module.java:571) [org.eclipse.osgi_3.10.102.v20160118-1700.jar:na]
	at org.eclipse.osgi.container.Module.start(Module.java:439) [org.eclipse.osgi_3.10.102.v20160118-1700.jar:na]
	at org.eclipse.osgi.framework.util.SecureAction.start(SecureAction.java:454) [org.eclipse.osgi_3.10.102.v20160118-1700.jar:na]
	at org.eclipse.osgi.internal.hooks.EclipseLazyStarter.postFindLocalClass(EclipseLazyStarter.java:107) [org.eclipse.osgi_3.10.102.v20160118-1700.jar:na]
	at org.eclipse.osgi.internal.loader.classpath.ClasspathManager.findLocalClass(ClasspathManager.java:531) [org.eclipse.osgi_3.10.102.v20160118-1700.jar:na]
	at org.eclipse.osgi.internal.loader.ModuleClassLoader.findLocalClass(ModuleClassLoader.java:324) [org.eclipse.osgi_3.10.102.v20160118-1700.jar:na]
	at org.eclipse.osgi.internal.loader.BundleLoader.findLocalClass(BundleLoader.java:327) [org.eclipse.osgi_3.10.102.v20160118-1700.jar:na]
	at org.eclipse.osgi.internal.loader.BundleLoader.findClassInternal(BundleLoader.java:402) [org.eclipse.osgi_3.10.102.v20160118-1700.jar:na]
	at org.eclipse.osgi.internal.loader.BundleLoader.findClass(BundleLoader.java:352) [org.eclipse.osgi_3.10.102.v20160118-1700.jar:na]
	at org.eclipse.osgi.internal.loader.BundleLoader.findClass(BundleLoader.java:344) [org.eclipse.osgi_3.10.102.v20160118-1700.jar:na]
	at org.eclipse.osgi.internal.loader.ModuleClassLoader.loadClass(ModuleClassLoader.java:160) [org.eclipse.osgi_3.10.102.v20160118-1700.jar:na]
	at java.lang.ClassLoader.loadClass(Unknown Source) [na:1.8.0_131]
	at org.eclipse.osgi.internal.framework.EquinoxBundle.loadClass(EquinoxBundle.java:573) [org.eclipse.osgi_3.10.102.v20160118-1700.jar:na]
	at org.eclipse.core.internal.registry.osgi.RegistryStrategyOSGI.createExecutableExtension(RegistryStrategyOSGI.java:174) [org.eclipse.equinox.registry_3.6.0.v20150318-1503.jar:na]
	at org.eclipse.core.internal.registry.ExtensionRegistry.createExecutableExtension(ExtensionRegistry.java:905) [org.eclipse.equinox.registry_3.6.0.v20150318-1503.jar:na]
	at org.eclipse.core.internal.registry.ConfigurationElement.createExecutableExtension(ConfigurationElement.java:243) [org.eclipse.equinox.registry_3.6.0.v20150318-1503.jar:na]
	at org.eclipse.core.internal.registry.ConfigurationElementHandle.createExecutableExtension(ConfigurationElementHandle.java:55) [org.eclipse.equinox.registry_3.6.0.v20150318-1503.jar:na]
	at org.eclipse.core.internal.expressions.PropertyTesterDescriptor.instantiate(PropertyTesterDescriptor.java:96) [org.eclipse.core.expressions_3.5.0.v20150421-2214.jar:na]
	at org.eclipse.core.internal.expressions.TypeExtension.findTypeExtender(TypeExtension.java:97) [org.eclipse.core.expressions_3.5.0.v20150421-2214.jar:na]
	at org.eclipse.core.internal.expressions.TypeExtension.findTypeExtender(TypeExtension.java:130) [org.eclipse.core.expressions_3.5.0.v20150421-2214.jar:na]
	at org.eclipse.core.internal.expressions.TypeExtension.findTypeExtender(TypeExtension.java:130) [org.eclipse.core.expressions_3.5.0.v20150421-2214.jar:na]
	at org.eclipse.core.internal.expressions.TypeExtension.findTypeExtender(TypeExtension.java:130) [org.eclipse.core.expressions_3.5.0.v20150421-2214.jar:na]
	at org.eclipse.core.internal.expressions.TypeExtensionManager.getProperty(TypeExtensionManager.java:119) [org.eclipse.core.expressions_3.5.0.v20150421-2214.jar:na]
	at org.eclipse.core.internal.expressions.TestExpression.evaluate(TestExpression.java:97) [org.eclipse.core.expressions_3.5.0.v20150421-2214.jar:na]
	at org.eclipse.core.internal.expressions.CompositeExpression.evaluateAnd(CompositeExpression.java:53) [org.eclipse.core.expressions_3.5.0.v20150421-2214.jar:na]
	at org.eclipse.core.internal.expressions.WithExpression.evaluate(WithExpression.java:75) [org.eclipse.core.expressions_3.5.0.v20150421-2214.jar:na]
	at org.eclipse.core.internal.expressions.CompositeExpression.evaluateAnd(CompositeExpression.java:53) [org.eclipse.core.expressions_3.5.0.v20150421-2214.jar:na]
	at org.eclipse.core.internal.expressions.EnablementExpression.evaluate(EnablementExpression.java:55) [org.eclipse.core.expressions_3.5.0.v20150421-2214.jar:na]
	at org.eclipse.debug.internal.ui.launchConfigurations.LaunchShortcutExtension.evalEnablementExpression(LaunchShortcutExtension.java:281) [org.eclipse.debug.ui_3.11.101.v20160203-1230.jar:na]
	at org.eclipse.debug.internal.ui.contextlaunching.LaunchingResourceManager.getShortcutsForSelection(LaunchingResourceManager.java:455) [org.eclipse.debug.ui_3.11.101.v20160203-1230.jar:na]
	at org.eclipse.debug.internal.ui.contextlaunching.LaunchingResourceManager.computeLabels(LaunchingResourceManager.java:240) [org.eclipse.debug.ui_3.11.101.v20160203-1230.jar:na]
	at org.eclipse.debug.internal.ui.contextlaunching.LaunchingResourceManager$1$1.run(LaunchingResourceManager.java:142) [org.eclipse.debug.ui_3.11.101.v20160203-1230.jar:na]
	at org.eclipse.core.internal.jobs.Worker.run(Worker.java:55) [org.eclipse.core.jobs_3.7.0.v20150330-2103.jar:na]
2017-07-14 17:28:22,831 [Worker-19] INFO  c.g.t.t.d.PublishedGradleVersions - Gradle version information cache file is out-of-date. Remote download required.
2017-07-14 17:28:23,151 [Worker-19] ERROR c.g.t.t.d.PublishedGradleVersions - Cannot download published Gradle versions.
java.net.UnknownHostException: services.gradle.org
	at java.net.AbstractPlainSocketImpl.connect(Unknown Source) ~[na:1.8.0_131]
	at java.net.PlainSocketImpl.connect(Unknown Source) ~[na:1.8.0_131]
	at java.net.SocksSocketImpl.connect(Unknown Source) ~[na:1.8.0_131]
	at java.net.Socket.connect(Unknown Source) ~[na:1.8.0_131]
	at sun.security.ssl.SSLSocketImpl.connect(Unknown Source) ~[na:1.8.0_131]
	at sun.security.ssl.BaseSSLSocketImpl.connect(Unknown Source) ~[na:1.8.0_131]
	at sun.net.NetworkClient.doConnect(Unknown Source) ~[na:1.8.0_131]
	at sun.net.www.http.HttpClient.openServer(Unknown Source) ~[na:1.8.0_131]
	at sun.net.www.http.HttpClient.openServer(Unknown Source) ~[na:1.8.0_131]
	at sun.net.www.protocol.https.HttpsClient.<init>(Unknown Source) ~[na:1.8.0_131]
	at sun.net.www.protocol.https.HttpsClient.New(Unknown Source) ~[na:1.8.0_131]
	at sun.net.www.protocol.https.AbstractDelegateHttpsURLConnection.getNewHttpClient(Unknown Source) ~[na:1.8.0_131]
	at sun.net.www.protocol.http.HttpURLConnection.plainConnect0(Unknown Source) ~[na:1.8.0_131]
	at sun.net.www.protocol.http.HttpURLConnection.plainConnect(Unknown Source) ~[na:1.8.0_131]
	at sun.net.www.protocol.https.AbstractDelegateHttpsURLConnection.connect(Unknown Source) ~[na:1.8.0_131]
	at sun.net.www.protocol.http.HttpURLConnection.getInputStream0(Unknown Source) ~[na:1.8.0_131]
	at sun.net.www.protocol.http.HttpURLConnection.getInputStream(Unknown Source) ~[na:1.8.0_131]
	at sun.net.www.protocol.https.HttpsURLConnectionImpl.getInputStream(Unknown Source) ~[na:1.8.0_131]
	at com.gradleware.tooling.toolingutils.distribution.PublishedGradleVersions.downloadVersionInformation(PublishedGradleVersions.java:167) [com.gradleware.tooling.utils_0.8.1.v201512100932.jar:na]
	at com.gradleware.tooling.toolingutils.distribution.PublishedGradleVersions.create(PublishedGradleVersions.java:134) [com.gradleware.tooling.utils_0.8.1.v201512100932.jar:na]
	at org.eclipse.buildship.core.util.gradle.PublishedGradleVersionsWrapper.create(PublishedGradleVersionsWrapper.java:40) [org.eclipse.buildship.core_1.0.8.v20160201-1803.jar:na]
	at org.eclipse.buildship.core.util.gradle.PublishedGradleVersionsWrapper.<init>(PublishedGradleVersionsWrapper.java:35) [org.eclipse.buildship.core_1.0.8.v20160201-1803.jar:na]
	at org.eclipse.buildship.core.CorePlugin.createPublishedGradleVersions(CorePlugin.java:167) [org.eclipse.buildship.core_1.0.8.v20160201-1803.jar:na]
	at org.eclipse.buildship.core.CorePlugin.registerServices(CorePlugin.java:140) [org.eclipse.buildship.core_1.0.8.v20160201-1803.jar:na]
	at org.eclipse.buildship.core.CorePlugin.start(CorePlugin.java:103) [org.eclipse.buildship.core_1.0.8.v20160201-1803.jar:na]
	at org.eclipse.osgi.internal.framework.BundleContextImpl$3.run(BundleContextImpl.java:771) [org.eclipse.osgi_3.10.102.v20160118-1700.jar:na]
	at org.eclipse.osgi.internal.framework.BundleContextImpl$3.run(BundleContextImpl.java:1) [org.eclipse.osgi_3.10.102.v20160118-1700.jar:na]
	at java.security.AccessController.doPrivileged(Native Method) [na:1.8.0_131]
	at org.eclipse.osgi.internal.framework.BundleContextImpl.startActivator(BundleContextImpl.java:764) [org.eclipse.osgi_3.10.102.v20160118-1700.jar:na]
	at org.eclipse.osgi.internal.framework.BundleContextImpl.start(BundleContextImpl.java:721) [org.eclipse.osgi_3.10.102.v20160118-1700.jar:na]
	at org.eclipse.osgi.internal.framework.EquinoxBundle.startWorker0(EquinoxBundle.java:941) [org.eclipse.osgi_3.10.102.v20160118-1700.jar:na]
	at org.eclipse.osgi.internal.framework.EquinoxBundle$EquinoxModule.startWorker(EquinoxBundle.java:318) [org.eclipse.osgi_3.10.102.v20160118-1700.jar:na]
	at org.eclipse.osgi.container.Module.doStart(Module.java:571) [org.eclipse.osgi_3.10.102.v20160118-1700.jar:na]
	at org.eclipse.osgi.container.Module.start(Module.java:439) [org.eclipse.osgi_3.10.102.v20160118-1700.jar:na]
	at org.eclipse.osgi.framework.util.SecureAction.start(SecureAction.java:454) [org.eclipse.osgi_3.10.102.v20160118-1700.jar:na]
	at org.eclipse.osgi.internal.hooks.EclipseLazyStarter.postFindLocalClass(EclipseLazyStarter.java:107) [org.eclipse.osgi_3.10.102.v20160118-1700.jar:na]
	at org.eclipse.osgi.internal.loader.classpath.ClasspathManager.findLocalClass(ClasspathManager.java:531) [org.eclipse.osgi_3.10.102.v20160118-1700.jar:na]
	at org.eclipse.osgi.internal.loader.ModuleClassLoader.findLocalClass(ModuleClassLoader.java:324) [org.eclipse.osgi_3.10.102.v20160118-1700.jar:na]
	at org.eclipse.osgi.internal.loader.BundleLoader.findLocalClass(BundleLoader.java:327) [org.eclipse.osgi_3.10.102.v20160118-1700.jar:na]
	at org.eclipse.osgi.internal.loader.sources.SingleSourcePackage.loadClass(SingleSourcePackage.java:36) [org.eclipse.osgi_3.10.102.v20160118-1700.jar:na]
	at org.eclipse.osgi.internal.loader.BundleLoader.findClassInternal(BundleLoader.java:398) [org.eclipse.osgi_3.10.102.v20160118-1700.jar:na]
	at org.eclipse.osgi.internal.loader.BundleLoader.findClass(BundleLoader.java:352) [org.eclipse.osgi_3.10.102.v20160118-1700.jar:na]
	at org.eclipse.osgi.internal.loader.BundleLoader.findClass(BundleLoader.java:344) [org.eclipse.osgi_3.10.102.v20160118-1700.jar:na]
	at org.eclipse.osgi.internal.loader.ModuleClassLoader.loadClass(ModuleClassLoader.java:160) [org.eclipse.osgi_3.10.102.v20160118-1700.jar:na]
	at java.lang.ClassLoader.loadClass(Unknown Source) [na:1.8.0_131]
	at java.lang.Class.getDeclaredConstructors0(Native Method) [na:1.8.0_131]
	at java.lang.Class.privateGetDeclaredConstructors(Unknown Source) [na:1.8.0_131]
	at java.lang.Class.getConstructor0(Unknown Source) [na:1.8.0_131]
	at java.lang.Class.newInstance(Unknown Source) [na:1.8.0_131]
	at org.eclipse.osgi.internal.framework.BundleContextImpl.loadBundleActivator(BundleContextImpl.java:755) [org.eclipse.osgi_3.10.102.v20160118-1700.jar:na]
	at org.eclipse.osgi.internal.framework.BundleContextImpl.start(BundleContextImpl.java:706) [org.eclipse.osgi_3.10.102.v20160118-1700.jar:na]
	at org.eclipse.osgi.internal.framework.EquinoxBundle.startWorker0(EquinoxBundle.java:941) [org.eclipse.osgi_3.10.102.v20160118-1700.jar:na]
	at org.eclipse.osgi.internal.framework.EquinoxBundle$EquinoxModule.startWorker(EquinoxBundle.java:318) [org.eclipse.osgi_3.10.102.v20160118-1700.jar:na]
	at org.eclipse.osgi.container.Module.doStart(Module.java:571) [org.eclipse.osgi_3.10.102.v20160118-1700.jar:na]
	at org.eclipse.osgi.container.Module.start(Module.java:439) [org.eclipse.osgi_3.10.102.v20160118-1700.jar:na]
	at org.eclipse.osgi.framework.util.SecureAction.start(SecureAction.java:454) [org.eclipse.osgi_3.10.102.v20160118-1700.jar:na]
	at org.eclipse.osgi.internal.hooks.EclipseLazyStarter.postFindLocalClass(EclipseLazyStarter.java:107) [org.eclipse.osgi_3.10.102.v20160118-1700.jar:na]
	at org.eclipse.osgi.internal.loader.classpath.ClasspathManager.findLocalClass(ClasspathManager.java:531) [org.eclipse.osgi_3.10.102.v20160118-1700.jar:na]
	at org.eclipse.osgi.internal.loader.ModuleClassLoader.findLocalClass(ModuleClassLoader.java:324) [org.eclipse.osgi_3.10.102.v20160118-1700.jar:na]
	at org.eclipse.osgi.internal.loader.BundleLoader.findLocalClass(BundleLoader.java:327) [org.eclipse.osgi_3.10.102.v20160118-1700.jar:na]
	at org.eclipse.osgi.internal.loader.BundleLoader.findClassInternal(BundleLoader.java:402) [org.eclipse.osgi_3.10.102.v20160118-1700.jar:na]
	at org.eclipse.osgi.internal.loader.BundleLoader.findClass(BundleLoader.java:352) [org.eclipse.osgi_3.10.102.v20160118-1700.jar:na]
	at org.eclipse.osgi.internal.loader.BundleLoader.findClass(BundleLoader.java:344) [org.eclipse.osgi_3.10.102.v20160118-1700.jar:na]
	at org.eclipse.osgi.internal.loader.ModuleClassLoader.loadClass(ModuleClassLoader.java:160) [org.eclipse.osgi_3.10.102.v20160118-1700.jar:na]
	at java.lang.ClassLoader.loadClass(Unknown Source) [na:1.8.0_131]
	at org.eclipse.osgi.internal.framework.EquinoxBundle.loadClass(EquinoxBundle.java:573) [org.eclipse.osgi_3.10.102.v20160118-1700.jar:na]
	at org.eclipse.core.internal.registry.osgi.RegistryStrategyOSGI.createExecutableExtension(RegistryStrategyOSGI.java:174) [org.eclipse.equinox.registry_3.6.0.v20150318-1503.jar:na]
	at org.eclipse.core.internal.registry.ExtensionRegistry.createExecutableExtension(ExtensionRegistry.java:905) [org.eclipse.equinox.registry_3.6.0.v20150318-1503.jar:na]
	at org.eclipse.core.internal.registry.ConfigurationElement.createExecutableExtension(ConfigurationElement.java:243) [org.eclipse.equinox.registry_3.6.0.v20150318-1503.jar:na]
	at org.eclipse.core.internal.registry.ConfigurationElementHandle.createExecutableExtension(ConfigurationElementHandle.java:55) [org.eclipse.equinox.registry_3.6.0.v20150318-1503.jar:na]
	at org.eclipse.core.internal.expressions.PropertyTesterDescriptor.instantiate(PropertyTesterDescriptor.java:96) [org.eclipse.core.expressions_3.5.0.v20150421-2214.jar:na]
	at org.eclipse.core.internal.expressions.TypeExtension.findTypeExtender(TypeExtension.java:97) [org.eclipse.core.expressions_3.5.0.v20150421-2214.jar:na]
	at org.eclipse.core.internal.expressions.TypeExtension.findTypeExtender(TypeExtension.java:130) [org.eclipse.core.expressions_3.5.0.v20150421-2214.jar:na]
	at org.eclipse.core.internal.expressions.TypeExtension.findTypeExtender(TypeExtension.java:130) [org.eclipse.core.expressions_3.5.0.v20150421-2214.jar:na]
	at org.eclipse.core.internal.expressions.TypeExtension.findTypeExtender(TypeExtension.java:130) [org.eclipse.core.expressions_3.5.0.v20150421-2214.jar:na]
	at org.eclipse.core.internal.expressions.TypeExtensionManager.getProperty(TypeExtensionManager.java:119) [org.eclipse.core.expressions_3.5.0.v20150421-2214.jar:na]
	at org.eclipse.core.internal.expressions.TestExpression.evaluate(TestExpression.java:97) [org.eclipse.core.expressions_3.5.0.v20150421-2214.jar:na]
	at org.eclipse.core.internal.expressions.CompositeExpression.evaluateAnd(CompositeExpression.java:53) [org.eclipse.core.expressions_3.5.0.v20150421-2214.jar:na]
	at org.eclipse.core.internal.expressions.WithExpression.evaluate(WithExpression.java:75) [org.eclipse.core.expressions_3.5.0.v20150421-2214.jar:na]
	at org.eclipse.core.internal.expressions.CompositeExpression.evaluateAnd(CompositeExpression.java:53) [org.eclipse.core.expressions_3.5.0.v20150421-2214.jar:na]
	at org.eclipse.core.internal.expressions.EnablementExpression.evaluate(EnablementExpression.java:55) [org.eclipse.core.expressions_3.5.0.v20150421-2214.jar:na]
	at org.eclipse.debug.internal.ui.launchConfigurations.LaunchShortcutExtension.evalEnablementExpression(LaunchShortcutExtension.java:281) [org.eclipse.debug.ui_3.11.101.v20160203-1230.jar:na]
	at org.eclipse.debug.internal.ui.contextlaunching.LaunchingResourceManager.getShortcutsForSelection(LaunchingResourceManager.java:455) [org.eclipse.debug.ui_3.11.101.v20160203-1230.jar:na]
	at org.eclipse.debug.internal.ui.contextlaunching.LaunchingResourceManager.computeLabels(LaunchingResourceManager.java:240) [org.eclipse.debug.ui_3.11.101.v20160203-1230.jar:na]
	at org.eclipse.debug.internal.ui.contextlaunching.LaunchingResourceManager$1$1.run(LaunchingResourceManager.java:142) [org.eclipse.debug.ui_3.11.101.v20160203-1230.jar:na]
	at org.eclipse.core.internal.jobs.Worker.run(Worker.java:55) [org.eclipse.core.jobs_3.7.0.v20150330-2103.jar:na]
